<?xml version="1.0" encoding="UTF-8"?>
<!-- Generated by org.testng.reporters.JUnitReportReporter -->
<testsuite hostname="DESKTOP-PQVFK9J" failures="0" tests="4" name="iWieczor.Tests.LoginTest" time="19.830" errors="0" timestamp="2024-03-10T14:50:25 CET" skipped="1">
  <testcase classname="iWieczor.Tests.LoginTest" name="validLogin" time="5.295">
    <skipped/>
  </testcase> <!-- validLogin -->
  <testcase classname="iWieczor.Tests.LoginTest" name="invalidLogin" time="3.507"/>
  <testcase classname="iWieczor.Tests.LoginTest" name="invalidCredentials" time="4.178"/>
  <testcase classname="iWieczor.Tests.LoginTest" name="validLogin" time="6.850"/>
</testsuite> <!-- iWieczor.Tests.LoginTest -->
