<?xml version="1.0" encoding="UTF-8"?>
<!-- Generated by org.testng.reporters.JUnitReportReporter -->
<testsuite hostname="DESKTOP-PQVFK9J" failures="0" tests="1" name="iWieczor.Tests.ErrorLoginValidationTest" time="10.274" errors="0" timestamp="2024-03-10T14:44:02 CET" skipped="0">
  <testcase classname="iWieczor.Tests.ErrorLoginValidationTest" name="errorProduct" time="10.274"/>
</testsuite> <!-- iWieczor.Tests.ErrorLoginValidationTest -->
