<?xml version="1.0" encoding="UTF-8"?>
<!-- Generated by org.testng.reporters.JUnitReportReporter -->
<testsuite hostname="DESKTOP-S812CDK" failures="0" tests="2" name="iWieczor.Tests.SubmitOrderTest" time="15.196" errors="0" timestamp="2024-02-26T21:55:56 CET" skipped="0">
  <testcase classname="iWieczor.Tests.SubmitOrderTest" name="submitOrder" time="9.047"/>
  <testcase classname="iWieczor.Tests.SubmitOrderTest" name="OrderHistoryTest" time="6.149"/>
</testsuite> <!-- iWieczor.Tests.SubmitOrderTest -->
