<?xml version="1.0" encoding="UTF-8"?>
<!-- Generated by org.testng.reporters.JUnitReportReporter -->
<testsuite hostname="DESKTOP-PQVFK9J" failures="0" tests="1" name="iWieczor.Tests.LoginTest" time="4.509" errors="0" timestamp="2024-03-10T11:48:07 CET" skipped="0">
  <testcase classname="iWieczor.Tests.LoginTest" name="invalidCredentials" time="4.509"/>
</testsuite> <!-- iWieczor.Tests.LoginTest -->
