<?xml version="1.0" encoding="UTF-8"?>
<!-- Generated by org.testng.reporters.JUnitReportReporter -->
<testsuite hostname="DESKTOP-S812CDK" failures="0" tests="2" name="iWieczor.Tests.ErrorLoginValidationTest" time="13.762" errors="0" timestamp="2024-02-26T21:55:56 CET" skipped="0">
  <testcase classname="iWieczor.Tests.ErrorLoginValidationTest" name="errorLogin" time="5.788"/>
  <testcase classname="iWieczor.Tests.ErrorLoginValidationTest" name="errorProduct" time="7.974"/>
</testsuite> <!-- iWieczor.Tests.ErrorLoginValidationTest -->
