<?xml version="1.0" encoding="UTF-8"?>
<!-- Generated by org.testng.reporters.JUnitReportReporter -->
<testsuite hostname="DESKTOP-S812CDK" failures="0" tests="2" name="iWieczor.Tests.ErrorLoginValidation" time="12.451" errors="0" timestamp="2024-02-26T20:54:45 CET" skipped="0">
  <testcase classname="iWieczor.Tests.ErrorLoginValidation" name="errorLogin" time="4.897"/>
  <testcase classname="iWieczor.Tests.ErrorLoginValidation" name="errorProduct" time="7.554"/>
</testsuite> <!-- iWieczor.Tests.ErrorLoginValidation -->
