<?xml version="1.0" encoding="UTF-8"?>
<!-- Generated by org.testng.reporters.JUnitReportReporter -->
<testsuite hostname="DESKTOP-PQVFK9J" failures="0" tests="2" name="iWieczor.Tests.SubmitOrderTest" time="14.398" errors="0" timestamp="2024-03-10T14:44:24 CET" skipped="0">
  <testcase classname="iWieczor.Tests.SubmitOrderTest" name="submitOrder" time="8.061"/>
  <testcase classname="iWieczor.Tests.SubmitOrderTest" name="submitOrder" time="6.337"/>
</testsuite> <!-- iWieczor.Tests.SubmitOrderTest -->
