<?xml version="1.0" encoding="UTF-8"?>
<!-- Generated by org.testng.reporters.JUnitReportReporter -->
<testsuite hostname="DESKTOP-PQVFK9J" failures="0" tests="2" name="iWieczor.Tests.SubmitOrderTest" time="16.866" errors="0" timestamp="2024-03-10T09:00:43 CET" skipped="0">
  <testcase classname="iWieczor.Tests.SubmitOrderTest" name="submitOrder" time="10.519"/>
  <testcase classname="iWieczor.Tests.SubmitOrderTest" name="submitOrder" time="6.347"/>
</testsuite> <!-- iWieczor.Tests.SubmitOrderTest -->
