<?xml version="1.0" encoding="UTF-8"?>
<!-- Generated by org.testng.reporters.JUnitReportReporter -->
<testsuite hostname="DESKTOP-PQVFK9J" failures="0" tests="1" name="iWieczor.Tests.SingleTest" time="10.166" errors="0" timestamp="2024-03-10T11:06:01 CET" skipped="0">
  <testcase classname="iWieczor.Tests.SingleTest" name="invalidCredentials" time="10.166"/>
</testsuite> <!-- iWieczor.Tests.SingleTest -->
