<?xml version="1.0" encoding="UTF-8"?>
<!-- Generated by org.testng.reporters.JUnitReportReporter -->
<testsuite hostname="DESKTOP-PQVFK9J" failures="0" tests="2" name="iWieczor.Tests.ErrorLoginValidationTest" time="10.785" errors="0" timestamp="2024-03-03T15:41:33 CET" skipped="0">
  <testcase classname="iWieczor.Tests.ErrorLoginValidationTest" name="errorLogin" time="3.941"/>
  <testcase classname="iWieczor.Tests.ErrorLoginValidationTest" name="errorProduct" time="6.844"/>
</testsuite> <!-- iWieczor.Tests.ErrorLoginValidationTest -->
