<?xml version="1.0" encoding="UTF-8"?>
<!-- Generated by org.testng.reporters.JUnitReportReporter -->
<testsuite hostname="DESKTOP-PQVFK9J" failures="0" tests="3" name="iWieczor.Tests.LandingPageTest" time="13.459" errors="0" timestamp="2024-03-10T13:21:58 CET" skipped="0">
  <testcase classname="iWieczor.Tests.LandingPageTest" name="invalidLogin" time="3.917"/>
  <testcase classname="iWieczor.Tests.LandingPageTest" name="validLogin" time="5.922"/>
  <testcase classname="iWieczor.Tests.LandingPageTest" name="invalidCredentials" time="3.620"/>
</testsuite> <!-- iWieczor.Tests.LandingPageTest -->
