<?xml version="1.0" encoding="UTF-8"?>
<!-- Generated by org.testng.reporters.JUnitReportReporter -->
<testsuite hostname="DESKTOP-PQVFK9J" failures="0" tests="1" name="iWieczor.Tests.ErrorLoginValidationTest" time="3.727" errors="0" timestamp="2024-03-03T17:35:41 CET" skipped="0">
  <testcase classname="iWieczor.Tests.ErrorLoginValidationTest" name="errorLogin" time="3.727"/>
</testsuite> <!-- iWieczor.Tests.ErrorLoginValidationTest -->
