<?xml version="1.0" encoding="UTF-8"?>
<!-- Generated by org.testng.reporters.JUnitReportReporter -->
<testsuite hostname="DESKTOP-PQVFK9J" failures="0" tests="2" name="iWieczor.Tests.SubmitOrderTest" time="14.757" errors="0" timestamp="2024-03-03T17:56:29 CET" skipped="0">
  <testcase classname="iWieczor.Tests.SubmitOrderTest" name="submitOrder" time="6.691"/>
  <testcase classname="iWieczor.Tests.SubmitOrderTest" name="submitOrder" time="8.066"/>
</testsuite> <!-- iWieczor.Tests.SubmitOrderTest -->
